<?xml version="1.0" encoding="UTF-8"?>
<!-- Generated by org.testng.reporters.JUnitReportReporter -->
<testsuite hostname="Sign0ret-msi-alpha15" failures="0" tests="6" name="com.example.BankAccountTest" time="0.009" errors="0" timestamp="2025-04-28T19:16:08 CST" skipped="0">
  <testcase classname="com.example.BankAccountTest" name="testInvestNegativeAmount" time="0.000"/>
  <testcase classname="com.example.BankAccountTest" name="assureInitialBalance" time="0.006"/>
  <testcase classname="com.example.BankAccountTest" name="testWithdrawInsufficientFunds" time="0.001"/>
  <testcase classname="com.example.BankAccountTest" name="testWithdrawNegativeAmount" time="0.001"/>
  <testcase classname="com.example.BankAccountTest" name="testDepositNegativeAmount" time="0.000"/>
  <testcase classname="com.example.BankAccountTest" name="testInvestMoreThanBalance" time="0.001"/>
</testsuite> <!-- com.example.BankAccountTest -->
