<?xml version="1.0" encoding="UTF-8"?>
<!-- Generated by org.testng.reporters.JUnitReportReporter -->
<testsuite hostname="Sign0ret-msi-alpha15" failures="0" tests="4" name="com.example.BankAccountTest" time="0.008" errors="0" timestamp="2025-04-28T18:05:05 CST" skipped="0">
  <testcase classname="com.example.BankAccountTest" name="assureInitialBalance" time="0.005"/>
  <testcase classname="com.example.BankAccountTest" name="testDepositNegativeAmount" time="0.001"/>
  <testcase classname="com.example.BankAccountTest" name="testWithdrawInsufficientFunds" time="0.001"/>
  <testcase classname="com.example.BankAccountTest" name="testWithdrawNegativeAmount" time="0.001"/>
</testsuite> <!-- com.example.BankAccountTest -->
